INFO:root:Initializing Tax Calculator
INFO:root:Starting Tax Calculator
INFO:root:Calculating tax...
INFO:root:Calculating tax...
ERROR:root:Invalid input
INFO:root:Initializing Tax Calculator
INFO:root:Starting Tax Calculator
INFO:root:Calculating tax...
ERROR:root:Invalid input
INFO:root:Calculating tax...
ERROR:root:Invalid input
INFO:root:Initializing Tax Calculator
INFO:root:Creating income label and entry widgets
INFO:root:Creating tax label and entry widgets
INFO:root:Creating result label and entry widgets
INFO:root:Creating calculate button widget
INFO:root:Starting Tax Calculator
INFO:root:Calculating tax...
INFO:root:Income entered: £133.0, Tax rate entered: 8.0%
INFO:root:Tax calculated: £10.64
INFO:root:Calculating tax...
ERROR:root:Invalid input
INFO:root:Calculating tax...
ERROR:root:Invalid input
INFO:root:Initializing Tax Calculator
INFO:root:Creating income label and entry widgets
INFO:root:Creating tax label and entry widgets
INFO:root:Creating result label and entry widgets
INFO:root:Creating calculate button widget
INFO:root:Starting Tax Calculator
INFO:root:Initializing Tax Calculator
INFO:root:Creating income label and entry widgets
INFO:root:Creating tax label and entry widgets
INFO:root:Creating result label and entry widgets
INFO:root:Creating threshold message label
INFO:root:Initializing Tax Calculator
INFO:root:Creating income label and entry widgets
INFO:root:Creating tax label and entry widgets
INFO:root:Creating result label and entry widgets
INFO:root:Creating threshold message label
INFO:root:Creating calculate button widget
INFO:root:Starting Tax Calculator
INFO:root:Calculating tax...
ERROR:root:Invalid input
INFO:root:Calculating tax...
ERROR:root:Invalid input
INFO:root:Calculating tax...
ERROR:root:Invalid input
INFO:root:Calculating tax...
ERROR:root:Invalid input
INFO:root:Calculating tax...
ERROR:root:Invalid input
INFO:root:Calculating tax...
ERROR:root:Invalid input
INFO:root:Calculating tax...
ERROR:root:Invalid input
INFO:root:Calculating tax...
ERROR:root:Invalid input
INFO:root:Calculating tax...
ERROR:root:Invalid input
INFO:root:Calculating tax...
INFO:root:Income entered: £10000.0, Tax rate entered: 5.0%
INFO:root:Calculating tax...
INFO:root:Income entered: £10000.0, Tax rate entered: 59.0%
INFO:root:Calculating tax...
INFO:root:Income entered: £10000.0, Tax rate entered: 5.0%
INFO:root:Calculating tax...
ERROR:root:Invalid input
INFO:root:Calculating tax...
INFO:root:Income entered: £10000.0, Tax rate entered: 78.0%
INFO:root:Calculating tax...
INFO:root:Income entered: £10000.0, Tax rate entered: 78.0%
INFO:root:Calculating tax...
INFO:root:Income entered: £10000.0, Tax rate entered: 7.0%
INFO:root:Calculating tax...
ERROR:root:Invalid input
INFO:root:Calculating tax...
INFO:root:Income entered: £10000.0, Tax rate entered: 1.0%
INFO:root:Initializing Tax Calculator
INFO:root:Creating income label and entry widgets
INFO:root:Creating tax label and entry widgets
INFO:root:Creating result label and entry widgets
INFO:root:Creating threshold message label
INFO:root:Creating calculate button widget
INFO:root:Starting Tax Calculator
INFO:root:Calculating tax...
ERROR:root:Invalid input
INFO:root:Calculating tax...
ERROR:root:Invalid input
INFO:root:Calculating tax...
INFO:root:Income entered: £23.0, Tax rate entered: 3.0%
ERROR:root:Invalid input
INFO:root:Calculating tax...
INFO:root:Income entered: £23.0, Tax rate entered: 33.0%
ERROR:root:Invalid input
INFO:root:Calculating tax...
INFO:root:Income entered: £23.0, Tax rate entered: 3.0%
ERROR:root:Invalid input
INFO:root:Calculating tax...
ERROR:root:Invalid input
INFO:root:Calculating tax...
ERROR:root:Invalid input
INFO:root:Calculating tax...
ERROR:root:Invalid input
INFO:root:Calculating tax...
ERROR:root:Invalid input
INFO:root:Calculating tax...
ERROR:root:Invalid input
INFO:root:Calculating tax...
ERROR:root:Invalid input
INFO:root:Calculating tax...
ERROR:root:Invalid input
INFO:root:Calculating tax...
ERROR:root:Invalid input
INFO:root:Calculating tax...
ERROR:root:Invalid input
INFO:root:Calculating tax...
INFO:root:Income entered: £5000.0, Tax rate entered: 2.0%
ERROR:root:Invalid input
INFO:root:Calculating tax...
INFO:root:Income entered: £5000.0, Tax rate entered: 23.0%
ERROR:root:Invalid input
INFO:root:Calculating tax...
INFO:root:Income entered: £5000.0, Tax rate entered: 233.0%
ERROR:root:Invalid input
INFO:root:Calculating tax...
INFO:root:Income entered: £5000.0, Tax rate entered: 2334.0%
ERROR:root:Invalid input
INFO:root:Calculating tax...
ERROR:root:Invalid input
INFO:root:Calculating tax...
INFO:root:Income entered: £5.0, Tax rate entered: 2334.0%
ERROR:root:Invalid input
INFO:root:Calculating tax...
INFO:root:Income entered: £50.0, Tax rate entered: 2334.0%
ERROR:root:Invalid input
INFO:root:Calculating tax...
INFO:root:Income entered: £500.0, Tax rate entered: 2334.0%
ERROR:root:Invalid input
INFO:root:Calculating tax...
INFO:root:Income entered: £5000.0, Tax rate entered: 2334.0%
ERROR:root:Invalid input
INFO:root:Calculating tax...
INFO:root:Income entered: £50000.0, Tax rate entered: 2334.0%
ERROR:root:Invalid input
INFO:root:Calculating tax...
INFO:root:Income entered: £50000.0, Tax rate entered: 233.0%
ERROR:root:Invalid input
INFO:root:Calculating tax...
INFO:root:Income entered: £50000.0, Tax rate entered: 23.0%
ERROR:root:Invalid input
INFO:root:Calculating tax...
INFO:root:Income entered: £50000.0, Tax rate entered: 2.0%
ERROR:root:Invalid input
INFO:root:Calculating tax...
ERROR:root:Invalid input
INFO:root:Calculating tax...
INFO:root:Income entered: £50000.0, Tax rate entered: 2.0%
ERROR:root:Invalid input
INFO:root:Calculating tax...
INFO:root:Income entered: £50000.0, Tax rate entered: 20.0%
ERROR:root:Invalid input
INFO:root:Calculating tax...
INFO:root:Income entered: £50000.0, Tax rate entered: 2.0%
ERROR:root:Invalid input
INFO:root:Calculating tax...
ERROR:root:Invalid input
INFO:root:Calculating tax...
INFO:root:Income entered: £50000.0, Tax rate entered: 1.0%
ERROR:root:Invalid input
INFO:root:Calculating tax...
INFO:root:Income entered: £50000.0, Tax rate entered: 10.0%
ERROR:root:Invalid input
INFO:root:Calculating tax...
INFO:root:Income entered: £50000.0, Tax rate entered: 1.0%
ERROR:root:Invalid input
INFO:root:Calculating tax...
INFO:root:Income entered: £50000.0, Tax rate entered: 2.0%
ERROR:root:Invalid input
INFO:root:Calculating tax...
INFO:root:Income entered: £50000.0, Tax rate entered: 2.0%
ERROR:root:Invalid input
INFO:root:Calculating tax...
ERROR:root:Invalid input
INFO:root:Calculating tax...
INFO:root:Income entered: £50000.0, Tax rate entered: 3.0%
ERROR:root:Invalid input
INFO:root:Calculating tax...
ERROR:root:Invalid input
INFO:root:Calculating tax...
INFO:root:Income entered: £50000.0, Tax rate entered: 4.0%
ERROR:root:Invalid input
INFO:root:Calculating tax...
ERROR:root:Invalid input
INFO:root:Calculating tax...
ERROR:root:Invalid input
INFO:root:Initializing Tax Calculator
INFO:root:Creating income label and entry widgets
INFO:root:Creating tax label and entry widgets
INFO:root:Creating result label and entry widgets
INFO:root:Creating threshold message label
INFO:root:Creating calculate button widget
INFO:root:Starting Tax Calculator
INFO:root:Calculating tax...
ERROR:root:Invalid input
INFO:root:Calculating tax...
ERROR:root:Invalid input
INFO:root:Initializing Tax Calculator
INFO:root:Creating income label and entry widgets
INFO:root:Creating tax label and entry widgets
INFO:root:Creating result label and entry widgets
INFO:root:Creating threshold message label
INFO:root:Creating calculate button widget
INFO:root:Starting Tax Calculator
INFO:root:Calculating tax...
ERROR:root:Invalid input: could not convert string to float: ''
INFO:root:Calculating tax...
ERROR:root:Invalid input: could not convert string to float: ''
INFO:root:Calculating tax...
ERROR:root:Invalid input: could not convert string to float: ''
INFO:root:Calculating tax...
ERROR:root:Invalid input: could not convert string to float: ''
INFO:root:Calculating tax...
ERROR:root:Invalid input: could not convert string to float: ''
